0 info it worked if it ends with ok
1 verbose cli [ 'D:\\worktools\\nodejs\\node.exe',
1 verbose cli   'D:\\worktools\\nodejs\\node_modules\\npm\\bin\\npm-cli.js',
1 verbose cli   'run',
1 verbose cli   'dev' ]
2 info using npm@3.10.10
3 info using node@v6.11.1
4 verbose run-script [ 'predev', 'dev', 'postdev' ]
5 info lifecycle note-book@1.0.0~predev: note-book@1.0.0
6 silly lifecycle note-book@1.0.0~predev: no script for predev, continuing
7 info lifecycle note-book@1.0.0~dev: note-book@1.0.0
8 verbose lifecycle note-book@1.0.0~dev: unsafe-perm in lifecycle true
9 verbose lifecycle note-book@1.0.0~dev: PATH: D:\worktools\nodejs\node_modules\npm\bin\node-gyp-bin;E:\Git_note\note-book\node_modules\.bin;X:\ProgramData\Oracle\Java\javapath;X:\WINDOWS\system32;X:\WINDOWS;X:\WINDOWS\System32\Wbem;X:\WINDOWS\System32\WindowsPowerShell\v1.0\;D:\worktools\nodejs\;D:\worktools\TortoiseSVN\bin;D:\worktools\phantomjs\phantomjs-2.1.1-windows\bin;D:\worktools\GIT\Git\cmd;D:\dev\instantclient_12_2;D:\worktools\maven\apache-maven-3.0.3\bin;X:\Users\魏继阳\AppData\Roaming\npm;D:\worktools\JDK\jdk1.6.0_45;\bin;D:\worktools\JDK\jdk1.6.0_45;\jre\bin;X:\Users\魏继阳\AppData\Local\Microsoft\WindowsApps;X:\Users\魏继阳\AppData\Roaming\npm;D:\worktools\phantomjs\phantomjs-2.1.1-windows\bin;D:\worktools\ie6\fiddler;D:\worktools\php\ext;D:\dev\instantclient_12_2;X:\Users\魏继阳\AppData\Local\Microsoft\WindowsApps;D:\worktools\python;D:\cocosJS\coco2d-x  JS\Cocos2d-JS非原生开发环境\cocos2d-x-3.12;;D:\worktools\vscode\Microsoft VS Code\bin
10 verbose lifecycle note-book@1.0.0~dev: CWD: E:\Git_note\note-book
11 silly lifecycle note-book@1.0.0~dev: Args: [ '/d /s /c',
11 silly lifecycle   'cross-env NODE_ENV=development webpack -dev-server --config webpack.config.js' ]
12 silly lifecycle note-book@1.0.0~dev: Returned: code: 1  signal: null
13 info lifecycle note-book@1.0.0~dev: Failed to exec dev script
14 verbose stack Error: note-book@1.0.0 dev: `cross-env NODE_ENV=development webpack -dev-server --config webpack.config.js`
14 verbose stack Exit status 1
14 verbose stack     at EventEmitter.<anonymous> (D:\worktools\nodejs\node_modules\npm\lib\utils\lifecycle.js:255:16)
14 verbose stack     at emitTwo (events.js:106:13)
14 verbose stack     at EventEmitter.emit (events.js:191:7)
14 verbose stack     at ChildProcess.<anonymous> (D:\worktools\nodejs\node_modules\npm\lib\utils\spawn.js:40:14)
14 verbose stack     at emitTwo (events.js:106:13)
14 verbose stack     at ChildProcess.emit (events.js:191:7)
14 verbose stack     at maybeClose (internal/child_process.js:891:16)
14 verbose stack     at Process.ChildProcess._handle.onexit (internal/child_process.js:226:5)
15 verbose pkgid note-book@1.0.0
16 verbose cwd E:\Git_note\note-book
17 error Windows_NT 10.0.16299
18 error argv "D:\\worktools\\nodejs\\node.exe" "D:\\worktools\\nodejs\\node_modules\\npm\\bin\\npm-cli.js" "run" "dev"
19 error node v6.11.1
20 error npm  v3.10.10
21 error code ELIFECYCLE
22 error note-book@1.0.0 dev: `cross-env NODE_ENV=development webpack -dev-server --config webpack.config.js`
22 error Exit status 1
23 error Failed at the note-book@1.0.0 dev script 'cross-env NODE_ENV=development webpack -dev-server --config webpack.config.js'.
23 error Make sure you have the latest version of node.js and npm installed.
23 error If you do, this is most likely a problem with the note-book package,
23 error not with npm itself.
23 error Tell the author that this fails on your system:
23 error     cross-env NODE_ENV=development webpack -dev-server --config webpack.config.js
23 error You can get information on how to open an issue for this project with:
23 error     npm bugs note-book
23 error Or if that isn't available, you can get their info via:
23 error     npm owner ls note-book
23 error There is likely additional logging output above.
24 verbose exit [ 1, true ]
